<?xml version="1.0" encoding="UTF-8"?>
<!-- Generated by org.testng.reporters.JUnitReportReporter -->
<testsuite hostname="Faiaz" failures="0" tests="3" name="DevOpsAssignment.AssignmentDevOpsCBT" time="214.379" errors="0" timestamp="2024-05-12T13:07:40 IST" skipped="0">
  <testcase classname="DevOpsAssignment.AssignmentDevOpsCBT" name="AssignmentDevOps" time="73.332"/>
  <system-out/>
  <testcase classname="DevOpsAssignment.AssignmentDevOpsCBT" name="AssignmentDevOps" time="65.947"/>
  <system-out/>
  <testcase classname="DevOpsAssignment.AssignmentDevOpsCBT" name="AssignmentDevOps" time="75.100"/>
  <system-out/>
</testsuite> <!-- DevOpsAssignment.AssignmentDevOpsCBT -->
